<?xml version="1.0" encoding="UTF-8"?>
<testsuite xmlns:xsi="http://www.w3.org/2001/XMLSchema-instance" xsi:noNamespaceSchemaLocation="https://maven.apache.org/surefire/maven-surefire-plugin/xsd/surefire-test-report-3.0.xsd" version="3.0" name="com.company.kimyouz.integration.card.TestCardController" time="17.516" tests="6" errors="0" skipped="0" failures="0">
  <properties>
[...]
</properties>
  <testcase name="shouldTestCardCreateIsValid" classname="com.company.kimyouz.integration.card.TestCardController" time="0.485">
    <system-out><![CDATA[21:03:27.015 [main] INFO org.testcontainers.images.PullPolicy -- Image pull policy will be performed by: DefaultPullPolicy()
21:03:27.020 [main] INFO org.testcontainers.utility.ImageNameSubstitutor -- Image name substitution will be performed by: DefaultImageNameSubstitutor (composite of 'ConfigurationFileImageNameSubstitutor' and 'PrefixingImageNameSubstitutor')
21:03:27.429 [main] INFO org.testcontainers.dockerclient.DockerClientProviderStrategy -- Loaded org.testcontainers.dockerclient.UnixSocketClientProviderStrategy from ~/.testcontainers.properties, will try it first
21:03:27.790 [main] INFO org.testcontainers.dockerclient.DockerClientProviderStrategy -- Found Docker environment with local Unix socket (unix:///var/run/docker.sock)
21:03:27.794 [main] INFO org.testcontainers.DockerClientFactory -- Docker host IP address is localhost
21:03:27.826 [main] INFO org.testcontainers.DockerClientFactory -- Connected to docker: 
  Server Version: 24.0.7
  API Version: 1.43
  Operating System: Docker Desktop
  Total Memory: 7846 MB
21:03:27.869 [main] INFO tc.testcontainers/ryuk:0.5.1 -- Creating container for image: testcontainers/ryuk:0.5.1
21:03:28.009 [main] INFO org.testcontainers.utility.RegistryAuthLocator -- Credential helper/store (docker-credential-desktop) does not have credentials for https://index.docker.io/v1/
21:03:28.220 [main] INFO tc.testcontainers/ryuk:0.5.1 -- Container testcontainers/ryuk:0.5.1 is starting: 1ed19daa26d07beef439879363d2d472a8bd5d77c9bd33a2e28bcb6fdcf2430e
21:03:28.666 [main] INFO tc.testcontainers/ryuk:0.5.1 -- Container testcontainers/ryuk:0.5.1 started in PT0.796276S
21:03:28.680 [main] INFO org.testcontainers.utility.RyukResourceReaper -- Ryuk started - will monitor and terminate Testcontainers containers on JVM exit
21:03:28.681 [main] INFO org.testcontainers.DockerClientFactory -- Checking the system...
21:03:28.681 [main] INFO org.testcontainers.DockerClientFactory -- ✔︎ Docker server version should be at least 1.6.0
21:03:28.685 [main] INFO tc.postgres:16.0 -- Creating container for image: postgres:16.0
21:03:28.722 [main] INFO tc.postgres:16.0 -- Container postgres:16.0 is starting: b8b07bea9d50abf02fc29c0cf1d7f9a371c664ac866c3ea269425c82728098af
21:03:29.737 [main] INFO tc.postgres:16.0 -- Container postgres:16.0 started in PT1.052184S
21:03:29.741 [main] INFO tc.postgres:16.0 -- Container is started (JDBC URL: jdbc:postgresql://localhost:54584/test?loggerLevel=OFF)
21:03:29.909 [main] INFO org.springframework.test.context.support.AnnotationConfigContextLoaderUtils -- Could not detect default configuration classes for test class [com.company.kimyouz.integration.card.TestCardController]: TestCardController does not declare any static, non-private, non-final, nested classes annotated with @Configuration.
21:03:30.221 [main] INFO org.springframework.boot.test.context.SpringBootTestContextBootstrapper -- Found @SpringBootConfiguration com.company.kimyouz.KimyoUzApplication for test class com.company.kimyouz.integration.card.TestCardController
21:03:30.398 [main] INFO org.springframework.boot.devtools.restart.RestartApplicationListener -- Restart disabled due to context in which it is running

  .   ____          _            __ _ _
 /\\ / ___'_ __ _ _(_)_ __  __ _ \ \ \ \
( ( )\___ | '_ | '_| | '_ \/ _` | \ \ \ \
 \\/  ___)| |_)| | | | | || (_| |  ) ) ) )
  '  |____| .__|_| |_|_| |_\__, | / / / /
 =========|_|==============|___/=/_/_/_/
 :: Spring Boot ::                (v3.2.2)

2024-01-27T21:03:30.870+05:00  INFO 26365 --- [           main] c.c.k.i.card.TestCardController          : Starting TestCardController using Java 19.0.2 with PID 26365 (started by hasanboy in /Users/hasanboy/IdeaProjects/Tiched Folder/Isystem Java Backend 7/Monolit/kimyo.uz)
2024-01-27T21:03:30.878+05:00  INFO 26365 --- [           main] c.c.k.i.card.TestCardController          : No active profile set, falling back to 1 default profile: "default"
2024-01-27T21:03:33.067+05:00  INFO 26365 --- [           main] .s.d.r.c.RepositoryConfigurationDelegate : Multiple Spring Data modules found, entering strict repository configuration mode
2024-01-27T21:03:33.070+05:00  INFO 26365 --- [           main] .s.d.r.c.RepositoryConfigurationDelegate : Bootstrapping Spring Data JPA repositories in DEFAULT mode.
2024-01-27T21:03:33.240+05:00  INFO 26365 --- [           main] .RepositoryConfigurationExtensionSupport : Spring Data JPA - Could not safely identify store assignment for repository candidate interface com.company.kimyouz.repository.UserAccessSessionRepository; If you want this repository to be a JPA repository, consider annotating your entities with one of these annotations: jakarta.persistence.Entity, jakarta.persistence.MappedSuperclass (preferred), or consider extending one of the following types with your repository: org.springframework.data.jpa.repository.JpaRepository
2024-01-27T21:03:33.241+05:00  INFO 26365 --- [           main] .RepositoryConfigurationExtensionSupport : Spring Data JPA - Could not safely identify store assignment for repository candidate interface com.company.kimyouz.repository.UserRefreshSessionRepository; If you want this repository to be a JPA repository, consider annotating your entities with one of these annotations: jakarta.persistence.Entity, jakarta.persistence.MappedSuperclass (preferred), or consider extending one of the following types with your repository: org.springframework.data.jpa.repository.JpaRepository
2024-01-27T21:03:33.297+05:00  INFO 26365 --- [           main] .s.d.r.c.RepositoryConfigurationDelegate : Finished Spring Data repository scanning in 220 ms. Found 10 JPA repository interfaces.
2024-01-27T21:03:33.347+05:00  INFO 26365 --- [           main] .s.d.r.c.RepositoryConfigurationDelegate : Multiple Spring Data modules found, entering strict repository configuration mode
2024-01-27T21:03:33.349+05:00  INFO 26365 --- [           main] .s.d.r.c.RepositoryConfigurationDelegate : Bootstrapping Spring Data Redis repositories in DEFAULT mode.
2024-01-27T21:03:33.376+05:00  INFO 26365 --- [           main] .RepositoryConfigurationExtensionSupport : Spring Data Redis - Could not safely identify store assignment for repository candidate interface com.company.kimyouz.repository.AuthorityRepository; If you want this repository to be a Redis repository, consider annotating your entities with one of these annotations: org.springframework.data.redis.core.RedisHash (preferred), or consider extending one of the following types with your repository: org.springframework.data.keyvalue.repository.KeyValueRepository
2024-01-27T21:03:33.377+05:00  INFO 26365 --- [           main] .RepositoryConfigurationExtensionSupport : Spring Data Redis - Could not safely identify store assignment for repository candidate interface com.company.kimyouz.repository.BasketRepository; If you want this repository to be a Redis repository, consider annotating your entities with one of these annotations: org.springframework.data.redis.core.RedisHash (preferred), or consider extending one of the following types with your repository: org.springframework.data.keyvalue.repository.KeyValueRepository
2024-01-27T21:03:33.377+05:00  INFO 26365 --- [           main] .RepositoryConfigurationExtensionSupport : Spring Data Redis - Could not safely identify store assignment for repository candidate interface com.company.kimyouz.repository.CardRepository; If you want this repository to be a Redis repository, consider annotating your entities with one of these annotations: org.springframework.data.redis.core.RedisHash (preferred), or consider extending one of the following types with your repository: org.springframework.data.keyvalue.repository.KeyValueRepository
2024-01-27T21:03:33.377+05:00  INFO 26365 --- [           main] .RepositoryConfigurationExtensionSupport : Spring Data Redis - Could not safely identify store assignment for repository candidate interface com.company.kimyouz.repository.CategoryRepository; If you want this repository to be a Redis repository, consider annotating your entities with one of these annotations: org.springframework.data.redis.core.RedisHash (preferred), or consider extending one of the following types with your repository: org.springframework.data.keyvalue.repository.KeyValueRepository
2024-01-27T21:03:33.378+05:00  INFO 26365 --- [           main] .RepositoryConfigurationExtensionSupport : Spring Data Redis - Could not safely identify store assignment for repository candidate interface com.company.kimyouz.repository.FileRepository; If you want this repository to be a Redis repository, consider annotating your entities with one of these annotations: org.springframework.data.redis.core.RedisHash (preferred), or consider extending one of the following types with your repository: org.springframework.data.keyvalue.repository.KeyValueRepository
2024-01-27T21:03:33.378+05:00  INFO 26365 --- [           main] .RepositoryConfigurationExtensionSupport : Spring Data Redis - Could not safely identify store assignment for repository candidate interface com.company.kimyouz.repository.OrdersItemRepository; If you want this repository to be a Redis repository, consider annotating your entities with one of these annotations: org.springframework.data.redis.core.RedisHash (preferred), or consider extending one of the following types with your repository: org.springframework.data.keyvalue.repository.KeyValueRepository
2024-01-27T21:03:33.378+05:00  INFO 26365 --- [           main] .RepositoryConfigurationExtensionSupport : Spring Data Redis - Could not safely identify store assignment for repository candidate interface com.company.kimyouz.repository.OrdersRepository; If you want this repository to be a Redis repository, consider annotating your entities with one of these annotations: org.springframework.data.redis.core.RedisHash (preferred), or consider extending one of the following types with your repository: org.springframework.data.keyvalue.repository.KeyValueRepository
2024-01-27T21:03:33.378+05:00  INFO 26365 --- [           main] .RepositoryConfigurationExtensionSupport : Spring Data Redis - Could not safely identify store assignment for repository candidate interface com.company.kimyouz.repository.PaymentRepository; If you want this repository to be a Redis repository, consider annotating your entities with one of these annotations: org.springframework.data.redis.core.RedisHash (preferred), or consider extending one of the following types with your repository: org.springframework.data.keyvalue.repository.KeyValueRepository
2024-01-27T21:03:33.381+05:00  INFO 26365 --- [           main] .RepositoryConfigurationExtensionSupport : Spring Data Redis - Could not safely identify store assignment for repository candidate interface com.company.kimyouz.repository.ProductRepository; If you want this repository to be a Redis repository, consider annotating your entities with one of these annotations: org.springframework.data.redis.core.RedisHash (preferred), or consider extending one of the following types with your repository: org.springframework.data.keyvalue.repository.KeyValueRepository
2024-01-27T21:03:33.384+05:00  INFO 26365 --- [           main] .RepositoryConfigurationExtensionSupport : Spring Data Redis - Could not safely identify store assignment for repository candidate interface com.company.kimyouz.repository.UserRepository; If you want this repository to be a Redis repository, consider annotating your entities with one of these annotations: org.springframework.data.redis.core.RedisHash (preferred), or consider extending one of the following types with your repository: org.springframework.data.keyvalue.repository.KeyValueRepository
2024-01-27T21:03:33.401+05:00  INFO 26365 --- [           main] .s.d.r.c.RepositoryConfigurationDelegate : Finished Spring Data repository scanning in 45 ms. Found 2 Redis repository interfaces.
2024-01-27T21:03:34.985+05:00  INFO 26365 --- [           main] o.s.b.w.embedded.tomcat.TomcatWebServer  : Tomcat initialized with port 0 (http)
2024-01-27T21:03:35.014+05:00  INFO 26365 --- [           main] o.apache.catalina.core.StandardService   : Starting service [Tomcat]
2024-01-27T21:03:35.014+05:00  INFO 26365 --- [           main] o.apache.catalina.core.StandardEngine    : Starting Servlet engine: [Apache Tomcat/10.1.18]
2024-01-27T21:03:35.102+05:00  INFO 26365 --- [           main] o.a.c.c.C.[Tomcat].[localhost].[/]       : Initializing Spring embedded WebApplicationContext
2024-01-27T21:03:35.105+05:00  INFO 26365 --- [           main] w.s.c.ServletWebServerApplicationContext : Root WebApplicationContext: initialization completed in 4148 ms
2024-01-27T21:03:35.496+05:00  INFO 26365 --- [           main] com.company.kimyouz.config.RedisConfig   : connecting with redis
2024-01-27T21:03:36.594+05:00  INFO 26365 --- [           main] o.hibernate.jpa.internal.util.LogHelper  : HHH000204: Processing PersistenceUnitInfo [name: default]
2024-01-27T21:03:36.652+05:00  INFO 26365 --- [           main] org.hibernate.Version                    : HHH000412: Hibernate ORM core version 6.4.1.Final
2024-01-27T21:03:36.681+05:00  INFO 26365 --- [           main] o.h.c.internal.RegionFactoryInitiator    : HHH000026: Second-level cache disabled
2024-01-27T21:03:36.769+05:00  INFO 26365 --- [           main] o.s.o.j.p.SpringPersistenceUnitInfo      : No LoadTimeWeaver setup: ignoring JPA class transformer
2024-01-27T21:03:38.235+05:00  INFO 26365 --- [           main] o.h.e.t.j.p.i.JtaPlatformInitiator       : HHH000489: No JTA platform available (set 'hibernate.transaction.jta.platform' to enable JTA platform integration)
2024-01-27T21:03:38.581+05:00  WARN 26365 --- [           main] o.h.engine.jdbc.spi.SqlExceptionHelper   : SQL Warning Code: 0, SQLState: 00000
2024-01-27T21:03:38.581+05:00  WARN 26365 --- [           main] o.h.engine.jdbc.spi.SqlExceptionHelper   : relation "cards" does not exist, skipping
2024-01-27T21:03:38.582+05:00  WARN 26365 --- [           main] o.h.engine.jdbc.spi.SqlExceptionHelper   : SQL Warning Code: 0, SQLState: 00000
2024-01-27T21:03:38.582+05:00  WARN 26365 --- [           main] o.h.engine.jdbc.spi.SqlExceptionHelper   : relation "order_item" does not exist, skipping
2024-01-27T21:03:38.583+05:00  WARN 26365 --- [           main] o.h.engine.jdbc.spi.SqlExceptionHelper   : SQL Warning Code: 0, SQLState: 00000
2024-01-27T21:03:38.583+05:00  WARN 26365 --- [           main] o.h.engine.jdbc.spi.SqlExceptionHelper   : relation "payment" does not exist, skipping
2024-01-27T21:03:38.583+05:00  WARN 26365 --- [           main] o.h.engine.jdbc.spi.SqlExceptionHelper   : SQL Warning Code: 0, SQLState: 00000
2024-01-27T21:03:38.584+05:00  WARN 26365 --- [           main] o.h.engine.jdbc.spi.SqlExceptionHelper   : table "authorities" does not exist, skipping
2024-01-27T21:03:38.584+05:00  WARN 26365 --- [           main] o.h.engine.jdbc.spi.SqlExceptionHelper   : SQL Warning Code: 0, SQLState: 00000
2024-01-27T21:03:38.584+05:00  WARN 26365 --- [           main] o.h.engine.jdbc.spi.SqlExceptionHelper   : table "basket" does not exist, skipping
2024-01-27T21:03:38.585+05:00  WARN 26365 --- [           main] o.h.engine.jdbc.spi.SqlExceptionHelper   : SQL Warning Code: 0, SQLState: 00000
2024-01-27T21:03:38.585+05:00  WARN 26365 --- [           main] o.h.engine.jdbc.spi.SqlExceptionHelper   : table "cards" does not exist, skipping
2024-01-27T21:03:38.585+05:00  WARN 26365 --- [           main] o.h.engine.jdbc.spi.SqlExceptionHelper   : SQL Warning Code: 0, SQLState: 00000
2024-01-27T21:03:38.585+05:00  WARN 26365 --- [           main] o.h.engine.jdbc.spi.SqlExceptionHelper   : table "category" does not exist, skipping
2024-01-27T21:03:38.586+05:00  WARN 26365 --- [           main] o.h.engine.jdbc.spi.SqlExceptionHelper   : SQL Warning Code: 0, SQLState: 00000
2024-01-27T21:03:38.586+05:00  WARN 26365 --- [           main] o.h.engine.jdbc.spi.SqlExceptionHelper   : table "files" does not exist, skipping
2024-01-27T21:03:38.587+05:00  WARN 26365 --- [           main] o.h.engine.jdbc.spi.SqlExceptionHelper   : SQL Warning Code: 0, SQLState: 00000
2024-01-27T21:03:38.587+05:00  WARN 26365 --- [           main] o.h.engine.jdbc.spi.SqlExceptionHelper   : table "order_item" does not exist, skipping
2024-01-27T21:03:38.587+05:00  WARN 26365 --- [           main] o.h.engine.jdbc.spi.SqlExceptionHelper   : SQL Warning Code: 0, SQLState: 00000
2024-01-27T21:03:38.588+05:00  WARN 26365 --- [           main] o.h.engine.jdbc.spi.SqlExceptionHelper   : table "orders" does not exist, skipping
2024-01-27T21:03:38.589+05:00  WARN 26365 --- [           main] o.h.engine.jdbc.spi.SqlExceptionHelper   : SQL Warning Code: 0, SQLState: 00000
2024-01-27T21:03:38.589+05:00  WARN 26365 --- [           main] o.h.engine.jdbc.spi.SqlExceptionHelper   : table "payment" does not exist, skipping
2024-01-27T21:03:38.589+05:00  WARN 26365 --- [           main] o.h.engine.jdbc.spi.SqlExceptionHelper   : SQL Warning Code: 0, SQLState: 00000
2024-01-27T21:03:38.589+05:00  WARN 26365 --- [           main] o.h.engine.jdbc.spi.SqlExceptionHelper   : table "product" does not exist, skipping
2024-01-27T21:03:38.590+05:00  WARN 26365 --- [           main] o.h.engine.jdbc.spi.SqlExceptionHelper   : SQL Warning Code: 0, SQLState: 00000
2024-01-27T21:03:38.590+05:00  WARN 26365 --- [           main] o.h.engine.jdbc.spi.SqlExceptionHelper   : table "users" does not exist, skipping
2024-01-27T21:03:38.676+05:00  INFO 26365 --- [           main] j.LocalContainerEntityManagerFactoryBean : Initialized JPA EntityManagerFactory for persistence unit 'default'
2024-01-27T21:03:40.174+05:00  INFO 26365 --- [           main] o.s.d.j.r.query.QueryEnhancerFactory     : Hibernate is in classpath; If applicable, HQL parser will be used.
2024-01-27T21:03:40.705+05:00  WARN 26365 --- [           main] JpaBaseConfiguration$JpaWebConfiguration : spring.jpa.open-in-view is enabled by default. Therefore, database queries may be performed during view rendering. Explicitly configure spring.jpa.open-in-view to disable this warning
2024-01-27T21:03:41.387+05:00  INFO 26365 --- [           main] o.s.b.a.e.web.EndpointLinksResolver      : Exposing 1 endpoint(s) beneath base path '/actuator'
2024-01-27T21:03:41.480+05:00  INFO 26365 --- [           main] o.s.s.web.DefaultSecurityFilterChain     : Will secure any request with [org.springframework.security.web.session.DisableEncodeUrlFilter@36ab2c76, org.springframework.security.web.context.request.async.WebAsyncManagerIntegrationFilter@4bc5b2cf, org.springframework.security.web.context.SecurityContextHolderFilter@5638bee0, org.springframework.security.web.header.HeaderWriterFilter@15c8c97, org.springframework.web.filter.CorsFilter@5c72271e, org.springframework.security.web.authentication.logout.LogoutFilter@4025832d, com.company.kimyouz.security.JwtFilter@4f7bc9a3, org.springframework.security.web.savedrequest.RequestCacheAwareFilter@3e4f326e, org.springframework.security.web.servletapi.SecurityContextHolderAwareRequestFilter@43c9c0b5, org.springframework.security.web.authentication.AnonymousAuthenticationFilter@52b4071c, org.springframework.security.web.access.ExceptionTranslationFilter@53eb6ac5, org.springframework.security.web.access.intercept.AuthorizationFilter@1552bdc6]
2024-01-27T21:03:41.503+05:00  WARN 26365 --- [           main] o.s.s.c.a.web.builders.WebSecurity       : You are asking Spring Security to ignore Mvc [pattern='/v3/api-docs/**']. This is not recommended -- please use permitAll via HttpSecurity#authorizeHttpRequests instead.
2024-01-27T21:03:41.503+05:00  INFO 26365 --- [           main] o.s.s.web.DefaultSecurityFilterChain     : Will not secure Mvc [pattern='/v3/api-docs/**']
2024-01-27T21:03:42.690+05:00  INFO 26365 --- [           main] o.a.c.c.C.[Tomcat].[localhost].[/]       : Initializing Spring TestDispatcherServlet ''
2024-01-27T21:03:42.692+05:00  INFO 26365 --- [           main] o.s.t.web.servlet.TestDispatcherServlet  : Initializing Servlet ''
2024-01-27T21:03:42.694+05:00  INFO 26365 --- [           main] o.s.t.web.servlet.TestDispatcherServlet  : Completed initialization in 1 ms
2024-01-27T21:03:42.826+05:00  INFO 26365 --- [           main] o.s.b.w.embedded.tomcat.TomcatWebServer  : Tomcat started on port 54593 (http) with context path ''
2024-01-27T21:03:42.852+05:00  INFO 26365 --- [           main] c.c.k.i.card.TestCardController          : Started TestCardController in 12.462 seconds (process running for 19.414)
2024-01-27T21:03:43.243+05:00  WARN 26365 --- [           main] o.s.w.s.h.HandlerMappingIntrospector     : Cache miss for REQUEST dispatch to '/card' (previous null). Performing MatchableHandlerMapping lookup. This is logged once only at WARN level, and every time at TRACE.
2024-01-27T21:03:43.428+05:00  WARN 26365 --- [           main] o.h.engine.jdbc.spi.SqlExceptionHelper   : SQL Error: 0, SQLState: 23503
2024-01-27T21:03:43.428+05:00 ERROR 26365 --- [           main] o.h.engine.jdbc.spi.SqlExceptionHelper   : ERROR: insert or update on table "cards" violates foreign key constraint "fkcmanafgwbibfijy2o5isfk3d5"
  Detail: Key (user_id)=(1) is not present in table "users".

MockHttpServletRequest:
      HTTP Method = POST
      Request URI = /card
       Parameters = {}
          Headers = [Content-Type:"application/json;charset=UTF-8", Accept:"application/json", Content-Length:"82"]
             Body = {"cardFullName":"Hasanboy Xalilov","cardName":"Humo","userId":1,"cardCode":"0000"}
    Session Attrs = {SPRING_SECURITY_CONTEXT=SecurityContextImpl [Authentication=UsernamePasswordAuthenticationToken [Principal=org.springframework.security.core.userdetails.User [Username=User, Password=[PROTECTED], Enabled=true, AccountNonExpired=true, CredentialsNonExpired=true, AccountNonLocked=true, Granted Authorities=[ROLE_ADMIN, ROLE_USER]], Credentials=[PROTECTED], Authenticated=true, Details=null, Granted Authorities=[ROLE_ADMIN, ROLE_USER]]]}

Handler:
             Type = com.company.kimyouz.controller.CardController
           Method = com.company.kimyouz.controller.CardController#createEntity(RequestCardDto)

Async:
    Async started = false
     Async result = null

Resolved Exception:
             Type = null

ModelAndView:
        View name = null
             View = null
            Model = null

FlashMap:
       Attributes = null

MockHttpServletResponse:
           Status = 400
    Error message = null
          Headers = [Vary:"Origin", "Access-Control-Request-Method", "Access-Control-Request-Headers", Content-Type:"application/json", X-Content-Type-Options:"nosniff", X-XSS-Protection:"0", Cache-Control:"no-cache, no-store, max-age=0, must-revalidate", Pragma:"no-cache", Expires:"0", X-Frame-Options:"DENY"]
     Content type = application/json
             Body = {"success":false,"code":-2,"message":"Card while saving error! Message :: could not execute statement [ERROR: insert or update on table \"cards\" violates foreign key constraint \"fkcmanafgwbibfijy2o5isfk3d5\"\n  Detail: Key (user_id)=(1) is not present in table \"users\".] [insert into cards (card_code,card_full_name,card_name,created_at,deleted_at,updated_at,user_id) values (?,?,?,?,?,?,?)]; SQL [insert into cards (card_code,card_full_name,card_name,created_at,deleted_at,updated_at,user_id) values (?,?,?,?,?,?,?)]; constraint [fkcmanafgwbibfijy2o5isfk3d5]"}
    Forwarded URL = null
   Redirected URL = null
          Cookies = []
]]></system-out>
  </testcase>
  <testcase name="connectionToDatabase" classname="com.company.kimyouz.integration.card.TestCardController" time="0.126"/>
  <testcase name="shouldTestCardCreatePositive" classname="com.company.kimyouz.integration.card.TestCardController" time="0.199">
    <system-out><![CDATA[
MockHttpServletRequest:
      HTTP Method = POST
      Request URI = /card
       Parameters = {}
          Headers = [Content-Type:"application/json;charset=UTF-8", Accept:"application/json", Content-Length:"85"]
             Body = {"cardFullName":"Hasanboy Xalilov","cardName":"Humo","userId":null,"cardCode":"0000"}
    Session Attrs = {SPRING_SECURITY_CONTEXT=SecurityContextImpl [Authentication=UsernamePasswordAuthenticationToken [Principal=org.springframework.security.core.userdetails.User [Username=User, Password=[PROTECTED], Enabled=true, AccountNonExpired=true, CredentialsNonExpired=true, AccountNonLocked=true, Granted Authorities=[ROLE_ADMIN, ROLE_USER]], Credentials=[PROTECTED], Authenticated=true, Details=null, Granted Authorities=[ROLE_ADMIN, ROLE_USER]]]}

Handler:
             Type = com.company.kimyouz.controller.CardController
           Method = com.company.kimyouz.controller.CardController#createEntity(RequestCardDto)

Async:
    Async started = false
     Async result = null

Resolved Exception:
             Type = null

ModelAndView:
        View name = null
             View = null
            Model = null

FlashMap:
       Attributes = null

MockHttpServletResponse:
           Status = 200
    Error message = null
          Headers = [Vary:"Origin", "Access-Control-Request-Method", "Access-Control-Request-Headers", Content-Type:"application/json", X-Content-Type-Options:"nosniff", X-XSS-Protection:"0", Cache-Control:"no-cache, no-store, max-age=0, must-revalidate", Pragma:"no-cache", Expires:"0", X-Frame-Options:"DENY"]
     Content type = application/json
             Body = {"success":true,"code":0,"message":"OK","content":{"cardId":2,"cardFullName":"Hasanboy Xalilov","cardName":"Humo","cardCode":"0000","createdAt":"2024-01-27T21:03:43.688732","updatedAt":"2024-01-27T21:03:43.688784"}}
    Forwarded URL = null
   Redirected URL = null
          Cookies = []
]]></system-out>
  </testcase>
  <testcase name="shouldGetCardPositive" classname="com.company.kimyouz.integration.card.TestCardController" time="0.129">
    <system-out><![CDATA[
MockHttpServletRequest:
      HTTP Method = GET
      Request URI = /card
       Parameters = {id=[3]}
          Headers = [Content-Type:"application/json;charset=UTF-8", Accept:"application/json"]
             Body = null
    Session Attrs = {SPRING_SECURITY_CONTEXT=SecurityContextImpl [Authentication=UsernamePasswordAuthenticationToken [Principal=org.springframework.security.core.userdetails.User [Username=User, Password=[PROTECTED], Enabled=true, AccountNonExpired=true, CredentialsNonExpired=true, AccountNonLocked=true, Granted Authorities=[ROLE_ADMIN, ROLE_USER]], Credentials=[PROTECTED], Authenticated=true, Details=null, Granted Authorities=[ROLE_ADMIN, ROLE_USER]]]}

Handler:
             Type = com.company.kimyouz.controller.CardController
           Method = com.company.kimyouz.controller.CardController#getEntity(Integer)

Async:
    Async started = false
     Async result = null

Resolved Exception:
             Type = null

ModelAndView:
        View name = null
             View = null
            Model = null

FlashMap:
       Attributes = null

MockHttpServletResponse:
           Status = 200
    Error message = null
          Headers = [Vary:"Origin", "Access-Control-Request-Method", "Access-Control-Request-Headers", Content-Type:"application/json", X-Content-Type-Options:"nosniff", X-XSS-Protection:"0", Cache-Control:"no-cache, no-store, max-age=0, must-revalidate", Pragma:"no-cache", Expires:"0", X-Frame-Options:"DENY"]
     Content type = application/json
             Body = {"success":true,"code":0,"message":"OK","content":{"cardId":3,"cardFullName":"Hasanboy Xalilov","cardName":"Humo","cardCode":"0000","createdAt":"2024-01-27T21:03:43.883907","updatedAt":"2024-01-27T21:03:43.883957"}}
    Forwarded URL = null
   Redirected URL = null
          Cookies = []
]]></system-out>
  </testcase>
  <testcase name="shouldGetCardNegative" classname="com.company.kimyouz.integration.card.TestCardController" time="0.092">
    <system-out><![CDATA[
MockHttpServletRequest:
      HTTP Method = GET
      Request URI = /card
       Parameters = {id=[-1]}
          Headers = [Content-Type:"application/json;charset=UTF-8", Accept:"application/json"]
             Body = null
    Session Attrs = {SPRING_SECURITY_CONTEXT=SecurityContextImpl [Authentication=UsernamePasswordAuthenticationToken [Principal=org.springframework.security.core.userdetails.User [Username=User, Password=[PROTECTED], Enabled=true, AccountNonExpired=true, CredentialsNonExpired=true, AccountNonLocked=true, Granted Authorities=[ROLE_ADMIN, ROLE_USER]], Credentials=[PROTECTED], Authenticated=true, Details=null, Granted Authorities=[ROLE_ADMIN, ROLE_USER]]]}

Handler:
             Type = com.company.kimyouz.controller.CardController
           Method = com.company.kimyouz.controller.CardController#getEntity(Integer)

Async:
    Async started = false
     Async result = null

Resolved Exception:
             Type = null

ModelAndView:
        View name = null
             View = null
            Model = null

FlashMap:
       Attributes = null

MockHttpServletResponse:
           Status = 200
    Error message = null
          Headers = [Vary:"Origin", "Access-Control-Request-Method", "Access-Control-Request-Headers", Content-Type:"application/json", X-Content-Type-Options:"nosniff", X-XSS-Protection:"0", Cache-Control:"no-cache, no-store, max-age=0, must-revalidate", Pragma:"no-cache", Expires:"0", X-Frame-Options:"DENY"]
     Content type = application/json
             Body = {"success":false,"code":0,"message":"Card with -1 id is not found!"}
    Forwarded URL = null
   Redirected URL = null
          Cookies = []
]]></system-out>
  </testcase>
  <testcase name="shouldTestCardCreateException" classname="com.company.kimyouz.integration.card.TestCardController" time="0.098">
    <system-out><![CDATA[
MockHttpServletRequest:
      HTTP Method = POST
      Request URI = /card
       Parameters = {}
          Headers = [Content-Type:"application/json;charset=UTF-8", Accept:"application/json", Content-Length:"85"]
             Body = {"cardFullName":"Hasanboy Xalilov","cardName":"Humo","userId":null,"cardCode":"0000"}
    Session Attrs = {SPRING_SECURITY_CONTEXT=SecurityContextImpl [Authentication=UsernamePasswordAuthenticationToken [Principal=org.springframework.security.core.userdetails.User [Username=User, Password=[PROTECTED], Enabled=true, AccountNonExpired=true, CredentialsNonExpired=true, AccountNonLocked=true, Granted Authorities=[ROLE_ADMIN, ROLE_USER]], Credentials=[PROTECTED], Authenticated=true, Details=null, Granted Authorities=[ROLE_ADMIN, ROLE_USER]]]}

Handler:
             Type = com.company.kimyouz.controller.CardController
           Method = com.company.kimyouz.controller.CardController#createEntity(RequestCardDto)

Async:
    Async started = false
     Async result = null

Resolved Exception:
             Type = java.lang.RuntimeException

ModelAndView:
        View name = null
             View = null
            Model = null

FlashMap:
       Attributes = null

MockHttpServletResponse:
           Status = 400
    Error message = null
          Headers = [Vary:"Origin", "Access-Control-Request-Method", "Access-Control-Request-Headers", Content-Type:"application/json", X-Content-Type-Options:"nosniff", X-XSS-Protection:"0", Cache-Control:"no-cache, no-store, max-age=0, must-revalidate", Pragma:"no-cache", Expires:"0", X-Frame-Options:"DENY"]
     Content type = application/json
             Body = {"success":false,"code":-3}
    Forwarded URL = null
   Redirected URL = null
          Cookies = []
]]></system-out>
  </testcase>
</testsuite>